<?xml version="1.0" encoding="UTF-8"?>
<testsuite xmlns:xsi="http://www.w3.org/2001/XMLSchema-instance" xsi:noNamespaceSchemaLocation="https://maven.apache.org/surefire/maven-surefire-plugin/xsd/surefire-test-report-3.0.xsd" version="3.0" name="dev.charizard.messagebroker.MessagebrokerApplicationTests" time="5.699" tests="1" errors="0" skipped="0" failures="0">
  <properties>
[...]
</properties>
  <testcase name="contextLoads" classname="dev.charizard.messagebroker.MessagebrokerApplicationTests" time="0.494">
    <system-out><![CDATA[11:06:57.959 [main] INFO org.springframework.test.context.support.AnnotationConfigContextLoaderUtils -- Could not detect default configuration classes for test class [dev.charizard.messagebroker.MessagebrokerApplicationTests]: MessagebrokerApplicationTests does not declare any static, non-private, non-final, nested classes annotated with @Configuration.
11:06:58.058 [main] INFO org.springframework.boot.test.context.SpringBootTestContextBootstrapper -- Found @SpringBootConfiguration dev.charizard.messagebroker.MessagebrokerApplication for test class dev.charizard.messagebroker.MessagebrokerApplicationTests
11:06:58.185 [main] INFO org.springframework.boot.devtools.restart.RestartApplicationListener -- Restart disabled due to context in which it is running

  .   ____          _            __ _ _
 /\\ / ___'_ __ _ _(_)_ __  __ _ \ \ \ \
( ( )\___ | '_ | '_| | '_ \/ _` | \ \ \ \
 \\/  ___)| |_)| | | | | || (_| |  ) ) ) )
  '  |____| .__|_| |_|_| |_\__, | / / / /
 =========|_|==============|___/=/_/_/_/
 :: Spring Boot ::                (v3.2.2)

2024-02-04T11:06:58.449-03:00  INFO 189378 --- [           main] d.c.m.MessagebrokerApplicationTests      : Starting MessagebrokerApplicationTests using Java 21.0.2 with PID 189378 (started by leodev in /home/leodev/IdeaProjects/charizard/java-consumer)
2024-02-04T11:06:58.451-03:00  INFO 189378 --- [           main] d.c.m.MessagebrokerApplicationTests      : No active profile set, falling back to 1 default profile: "default"
2024-02-04T11:06:59.160-03:00  INFO 189378 --- [           main] .s.d.r.c.RepositoryConfigurationDelegate : Bootstrapping Spring Data JPA repositories in DEFAULT mode.
2024-02-04T11:06:59.220-03:00  INFO 189378 --- [           main] .s.d.r.c.RepositoryConfigurationDelegate : Finished Spring Data repository scanning in 52 ms. Found 3 JPA repository interfaces.
2024-02-04T11:06:59.735-03:00  INFO 189378 --- [           main] com.zaxxer.hikari.HikariDataSource       : HikariPool-1 - Starting...
2024-02-04T11:06:59.907-03:00  INFO 189378 --- [           main] com.zaxxer.hikari.pool.HikariPool        : HikariPool-1 - Added connection org.postgresql.jdbc.PgConnection@33bb3f86
2024-02-04T11:06:59.910-03:00  INFO 189378 --- [           main] com.zaxxer.hikari.HikariDataSource       : HikariPool-1 - Start completed.
2024-02-04T11:06:59.997-03:00  INFO 189378 --- [           main] o.f.c.internal.license.VersionPrinter    : Flyway Community Edition 9.22.3 by Redgate
2024-02-04T11:06:59.998-03:00  INFO 189378 --- [           main] o.f.c.internal.license.VersionPrinter    : See release notes here: https://rd.gt/416ObMi
2024-02-04T11:06:59.998-03:00  INFO 189378 --- [           main] o.f.c.internal.license.VersionPrinter    : 
2024-02-04T11:07:00.014-03:00  INFO 189378 --- [           main] org.flywaydb.core.FlywayExecutor         : Database: jdbc:postgresql://localhost:5432/db (PostgreSQL 15.5)
2024-02-04T11:07:00.060-03:00  INFO 189378 --- [           main] o.f.core.internal.command.DbValidate     : Successfully validated 2 migrations (execution time 00:00.025s)
2024-02-04T11:07:00.074-03:00  INFO 189378 --- [           main] o.f.core.internal.command.DbMigrate      : Current version of schema "public": 2
2024-02-04T11:07:00.078-03:00  INFO 189378 --- [           main] o.f.core.internal.command.DbMigrate      : Schema "public" is up to date. No migration necessary.
2024-02-04T11:07:00.214-03:00  INFO 189378 --- [           main] o.hibernate.jpa.internal.util.LogHelper  : HHH000204: Processing PersistenceUnitInfo [name: default]
2024-02-04T11:07:00.302-03:00  INFO 189378 --- [           main] org.hibernate.Version                    : HHH000412: Hibernate ORM core version 6.4.1.Final
2024-02-04T11:07:00.338-03:00  INFO 189378 --- [           main] o.h.c.internal.RegionFactoryInitiator    : HHH000026: Second-level cache disabled
2024-02-04T11:07:00.551-03:00  INFO 189378 --- [           main] o.s.o.j.p.SpringPersistenceUnitInfo      : No LoadTimeWeaver setup: ignoring JPA class transformer
2024-02-04T11:07:01.467-03:00  INFO 189378 --- [           main] o.h.e.t.j.p.i.JtaPlatformInitiator       : HHH000489: No JTA platform available (set 'hibernate.transaction.jta.platform' to enable JTA platform integration)
2024-02-04T11:07:01.495-03:00  INFO 189378 --- [           main] j.LocalContainerEntityManagerFactoryBean : Initialized JPA EntityManagerFactory for persistence unit 'default'
2024-02-04T11:07:02.261-03:00  WARN 189378 --- [           main] JpaBaseConfiguration$JpaWebConfiguration : spring.jpa.open-in-view is enabled by default. Therefore, database queries may be performed during view rendering. Explicitly configure spring.jpa.open-in-view to disable this warning
2024-02-04T11:07:02.849-03:00  INFO 189378 --- [           main] o.s.a.r.c.CachingConnectionFactory       : Attempting to connect to: [localhost:5672]
2024-02-04T11:07:02.892-03:00  INFO 189378 --- [           main] o.s.a.r.c.CachingConnectionFactory       : Created new connection: rabbitConnectionFactory#7f3a92fd:0/SimpleConnection@66ab3716 [delegate=amqp://guest@127.0.0.1:5672/, localPort=47388]
2024-02-04T11:07:02.962-03:00  INFO 189378 --- [           main] d.c.m.MessagebrokerApplicationTests      : Started MessagebrokerApplicationTests in 4.787 seconds (process running for 5.654)
]]></system-out>
    <system-err><![CDATA[WARNING: A Java agent has been loaded dynamically (/home/leodev/.m2/repository/net/bytebuddy/byte-buddy-agent/1.14.11/byte-buddy-agent-1.14.11.jar)
WARNING: If a serviceability tool is in use, please run with -XX:+EnableDynamicAgentLoading to hide this warning
WARNING: If a serviceability tool is not in use, please run with -Djdk.instrument.traceUsage for more information
WARNING: Dynamic loading of agents will be disallowed by default in a future release
]]></system-err>
  </testcase>
</testsuite>